<?xml version="1.0" encoding="UTF-8"?>
<!-- Generated by org.testng.reporters.JUnitXMLReporter -->
<testsuite hostname="GST-Vikram" ignored="0" name="Test" tests="1" failures="0" timestamp="06 Nov 2018 11:02:57 GMT" time="0.051" errors="0">
  <testcase name="@BeforeTest launchbrowser" time="0.0" classname="com.lakshya.qa.testcases.Grid">
    <failure type="org.testng.TestNGException" message="
Parameter &amp;apos;browser&amp;apos; is required by BeforeTest on method launchbrowser but has not been marked @Optional or defined
in D:\PROJECT\WORKSPACE\LAKSHYA\testng.xml">
      <![CDATA[org.testng.TestNGException: 
Parameter 'browser' is required by BeforeTest on method launchbrowser but has not been marked @Optional or defined
in D:\PROJECT\WORKSPACE\LAKSHYA\testng.xml
... Removed 21 stack frames]]>
    </failure>
  </testcase> <!-- @BeforeTest launchbrowser -->
  <testcase name="@AfterTest closeBrowser" time="0.0" classname="com.lakshya.qa.testcases.Grid">
    <skipped/>
  </testcase> <!-- @AfterTest closeBrowser -->
  <testcase name="calculatepercent" time="0.0" classname="com.lakshya.qa.testcases.Grid">
    <skipped/>
  </testcase> <!-- calculatepercent -->
</testsuite> <!-- Test -->
